
Thu 14 Mar 2024 08:33:13 PM UTC: 
In file included from test.c:1:
exercises.c:1:3: error: stray ‘#’ in program
    1 | a #include <ctype.h>
      |   ^
exercises.c:1:1: error: unknown type name ‘a’
    1 | a #include <ctype.h>
      | ^
exercises.c:1:12: error: expected ‘=’, ‘,’, ‘;’, ‘asm’ or ‘__attribute__’ before ‘<’ token
    1 | a #include <ctype.h>
      |            ^
In file included from /nix/store/4pqv2mwdn88h7xvsm7a5zplrd8sxzvw0-glibc-2.35-163-dev/include/stdlib.h:395,
                 from exercises.c:4,
                 from test.c:1:
/nix/store/4pqv2mwdn88h7xvsm7a5zplrd8sxzvw0-glibc-2.35-163-dev/include/sys/types.h:33:9: error: unknown type name ‘__u_char’
   33 | typedef __u_char u_char;
      |         ^~~~~~~~
Compilation failed
081c016
Thu 14 Mar 2024 08:33:21 PM UTC: 
 exercises.c | 2 +-
 1 file changed, 1 insertion(+), 1 deletion(-)
 tests:  0|7
total_score: 0/70
7c2439a
Thu 14 Mar 2024 08:35:07 PM UTC: 
 exercises.c | 13 ++++++++++++-
 1 file changed, 12 insertions(+), 1 deletion(-)
 tests:  0|6
total_score: 10/70
126da98
Thu 14 Mar 2024 08:37:15 PM UTC: 
 exercises.c | 9 ++++++++-
 1 file changed, 8 insertions(+), 1 deletion(-)
In file included from test.c:1:
exercises.c: In function ‘reverseArray’:
exercises.c:35:21: error: statement with no effect [-Werror=unused-value]
   35 |       arr[size-1-i] == temp;
      |       ~~~~~~~~~~~~~~^~~~~~~
cc1: all warnings being treated as errors
Compilation failed
a3ef59a
Thu 14 Mar 2024 08:37:24 PM UTC: 
 exercises.c | 2 +-
 1 file changed, 1 insertion(+), 1 deletion(-)
 tests:  0|5
total_score: 20/70
f7a023f
